10014:
3.122679673696773
4.018055530557468
2.604983258746353
3.629258621065194
3.0950546409656914
10015:
3.8214744491486305
3.3094627124899105
10016:
2.7494533510873604
1.9429718696058789
2.243897795531805
2.8714963618400486
3.687802865650467
10017:
3.097852892722196
3.442369021754454
3.1556306704999737
10018:
4.753486529577669
3.9003575385176443
2.873312237638672
3.924782825873966
3.805782825873966
3.3118228357529484
3.7015400143723687
3.456562486890915
3.649782825873966
3.461547531756319
3.649782825873966
3.536449492540633
3.237282825873966
4.0709468470379875
4.1683510585361585
3.4179646440557843
4.007128797437947
3.6031808841263935
3.891888089031861
3.7448647930870806
4.12625341410926
10019:
3.4687386044329798
3.5468636044329798
2.662248219817595
3.830954513523889
3.284043091612467
4.056603864173239
2.3877726953420706
3.6771124380255147
3.9799621959822757
3.99686360443298
1002:
3.224030837584351
2.824896638450152
3.3703511839046976
10020:
4.005689873026585
4.171064550029168
3.7794151366406243
4.3107785214263075
3.97171814480041
3.756031870290606
4.002130309666356
4.382870105584724
4.331642936634952
4.062236543940887
4.004397883362501
5.0
3.8432867722513904
4.129845912036337
4.05014951734943
4.009752635705206
4.356852663724259
3.6663861874560686
4.264836666094278
3.66298374194836
4.489778000321566
3.4472083408788414
3.8736789291141354
3.809953438918057
3.359953438918057
2.559953438918057
4.308587318699478
10021:
2.043276754574629
2.4948030061008803
2.5592883503408257
2.1559141172119918
10023:
4.0484878133571165
3.930840754533587
3.9684096883571165
3.6151544800237834
4.8710684585184065
3.6192195206741897
3.3650816998199984
3.890593076515011
3.5446710194639865
4.005009552487551
4.473145347603692
10024:
3.5531309577701053
3.7457614764875804
3.764577698628611
10025:
2.926488067615952
10027:
4.644757331371996
3.769861031388588
3.677378699386756
3.7941477806210027
3.0953375634648332
3.7114089920362616
3.5947106998161478
4.3323554475415404
3.42621991640601
4.21863892862056
3.86575625725814
3.921333633534652
4.122032724287783
3.4181680984844522
3.9782943389894143
4.41111002629612
3.700379580271556
4.161830179928895
4.302371990138728
4.037791344977438
3.6091016898050245
4.2747351652021575
3.9007365025036926
3.7419864669286578
4.352144286153909
4.144265029187965
4.478018295332048
4.597846900532994
4.7631246783107715
4.614406729592823
4.668815735221341
4.166154981341075
3.3715236284420054
3.7523138674999608
4.150992095446481
4.616652658846052
4.813124678310771
4.150843976556386
4.200379580271556
3.6434535840666222
4.2956939237739995
4.270331885517979
5.0
3.831240620339757
3.7469703684855755
4.383076016510285
4.1889750184468255
4.032821648007742
4.474916693166853
4.430213285905708
3.9851676890634598
4.386654090075478
3.77677121074925
3.6877352702110833
3.575068217941608
4.345532085718179
3.622648487834581
3.668453055014613
4.4940770592631525
4.314897727956161
3.7330380982241915
3.7551196751838174
3.387024049379954
3.3237510765210625
4.628600868786962
5.0
3.3512078711157183
4.24066091019483
3.3964580116441048
4.362144286153909
4.283362773548867
4.251143658144698
4.087973163159257
3.8964580116441048
4.63795461028356
4.076898782993967
4.374176371715406
4.2229886238890035
3.0388365711080914
3.8140752486529768
4.848212397609017
4.967886583072676
3.0842752705273537
3.872648487834581
4.152868268054361
4.412034335631644
3.9113311525014978
4.182422923924807
10028:
2.8797047445740476
3.1246542395235424
2.8011517729978204
3.8814141462834493
4.0207675465064145
2.7417499756458272
4.189776577066787
10029:
3.0662902506982603
3.97933372895913
3.8498000502026537
2.8652986412398316
10031:
3.3089347419074935
2.664360566083318
3.5639771678359953
2.5020389350116865
3.9963323486599394
2.911008724263166
2.713054405429812
2.3424832533846978
2.705470409629602
10032:
3.152451442646967
4.90167262644759
4.268339293114257
3.649280038379987
3.130839293114257
3.5302267704282313
3.5855806724246015
4.271729123622732
3.285730597462083
3.660267544235333
3.0828320467374453
3.453553300896358
3.6787289035038673
4.041535169402916
10033:
3.4761807741658113
3.2133189648926055
4.494872362950858
3.732967601046096
10034:
1.7120549519242552
2.409494496732221
10035:
2.697050661204631
4.7495407797817055
4.872447008786409
4.366183853593637
4.567180531334501
4.473103876282236
3.7409566550104243
3.6336257140587533
3.8743233884773582
3.521394037529627
4.14475349600424
3.915699394609976
4.153136947799392
4.296323388477358
3.9932889057187375
4.0203685862174705
4.141823388477357
4.2671805313345015
4.372240055144024
5.0
10036:
3.3765750950062388
3.473675270753163
3.661715616574489
3.4236752707531632
4.001453048530941
3.7031078948666383
3.128276842021401
3.8410037906087586
2.9379609850388775
3.191605299907682
3.420483781391461
3.740916650063508
4.14034193741983
4.031014720294447
4.697359481279479
4.1236752707531625
3.7923027217335554
4.092096323384742
2.6907805339110578
3.1766164472237515
3.866532413610306
3.473675270753163
4.343292495633546
4.082498800164927
4.0600389071168
3.151211502637221
3.7301687772466696
4.455156752234645
3.2758491837966415
5.0
3.502622639174216
4.174809651206916
3.973675270753163
4.513484187950615
3.3447761881843556
4.565008604086496
3.3686566833925684
4.620935544725766
3.6752881739789696
4.223675270753163
3.95094799802589
4.103555150633043
4.788892662057511
4.124337522408792
3.9396516021141097
3.4130692101471025
4.068636511063241
4.353883604086496
4.193675270753163
3.3729290020964466
4.223675270753163
4.23409193741983
3.823675270753163
3.5103419374198297
4.846952452988997
4.165422843568697
3.0857442362704046
3.9347863818642743
3.659635861886168
4.01314895496369
3.9830737669937646
3.723675270753163
3.4650545810979905
4.358810405888298
3.641585718514357
4.264771161164122
3.6716390716581406
3.3815700075952684
3.395550270753163
4.033199080276972
3.582165836790899
4.289095831500827
4.364469494579878
3.927378974456867
3.6327661798440722
4.583864844212878
3.400145858988457
3.085150115687691
3.853529639685202
3.3189133659912584
3.4749486154051157
3.9777736314089007
3.9929060399839322
3.484544835970554
3.665535735869442
4.073675270753164
3.571501357709685
3.80059834767624
4.723675270753163
3.5014530485309407
3.6268166320097075
4.050598347676241
3.8277569034062244
3.9331347302126227
3.962311634389527
3.6998657469436393
4.047204682517869
3.5093895564674487
4.366532413610306
4.64034193741983
3.5828985717240367
3.438986275537852
4.082649629727522
3.277438711613378
3.366532413610306
4.223675270753163
3.6280870354590453
3.3552542181215843
3.9669907787745533
3.9363449540110818
4.19034193741983
3.1736752707531632
4.7784538255317175
4.254925270753163
3.3432404881444673
3.7792308263087184
3.4636752707531633
4.723675270753163
3.5171726345492966
3.9669185139964065
3.53402009833937
3.3586963677995767
4.023929723679371
4.069829116907009
4.126901077204776
3.5609394216965593
3.823675270753163
3.496402543480436
4.92955762369434
3.623675270753163
3.80059834767624
4.524646144539571
4.202040655368547
3.5199715670494593
4.055843102920996
4.178220725298617
3.8150458291287976
4.508397492975385
3.340283044604753
3.9370899048995045
4.818913365991258
3.70094799802589
3.7711865829703575
3.761175270753163
4.108921172392508
3.8296074741429935
4.004497188561382
3.366532413610306
4.023675270753163
4.843830309512853
4.200947998025891
3.056372471770975
3.8134876031928413
4.0142735613514535
3.2331990802769726
3.9019361403183805
3.9333526901080016
3.883675270753163
3.607988996243359
3.8723239194018118
2.973675270753163
4.9379609850388775
3.9333526901080016
4.090341937419829
3.4031624502403424
3.69034193741983
3.8388826440250523
3.5418570889349814
4.484802867192332
3.583675270753163
3.561254888587558
10037:
3.9495334325823617
3.088880151191891
3.266558389340454
3.7986158056083967
3.6849794419720325
3.708227849615345
3.286765156257747
2.8088924854502935
3.1476021628696484
3.7112321652835796
3.0908617949132093
3.1729733629446772
3.2820382655014444
3.3284423394985345
10038:
4.054417251120505
3.2299491660141215
3.0424491660141215
3.2152432836611804
3.033213770825118
3.5115025640723743
3.513847471098867
2.830826358996578
10039:
1.5719005117698148
1004:
2.270845435736688
2.3235558613040186
2.6699499133486286
2.663776279908114
3.178763472670662
2.8933461397637226
2.993428174218194
3.6196890437834113
2.163953858121804
2.9899499133486285
3.124493414959799
3.615888777977449
3.2624499133486284
2.935664199062914
2.545188008586724
2.164235627634343
2.7376692115942425
3.033283246681962
2.6499499133486286
2.8617146192309812
3.154495367894083
2.6757563649615315
2.535221231178086
1.5499499133486285
2.505505468904184
2.1465016374865593
2.8203202837189987
2.9250302992007184
2.3568191339562903
2.9397458317159755
2.9567992284171214
10040:
3.0682524084606944
2.876434226642513
3.562233967555414
10041:
3.4288514972922295
2.8964673543553223
3.0482020364900966
2.682209250649983
3.0447518804339917
3.0973102786542364
3.6629784814192137
2.99372382303412
3.3058356242763565
2.723843672566095
2.4129784814192132
3.338307762067643
3.809407052847785
2.6662252346659665
3.1399626084033403
3.3863678371615102
3.0997916682324003
2.593782052847785
2.874839151613217
2.363717397675371
2.8426160080716656
3.115986000216206
2.6546198188052315
2.8901447577658175
3.284931987230987
2.3490050782356553
3.1938087622494944
2.716114369920956
3.226594552847785
2.753167960352148
3.274442640036397
10042:
4.7679622131806365
4.265207006306629
4.758044754058771
4.387550036965852
4.587245158917071
5.0
5.0
4.209549080485698
5.0
4.396951862827685
4.81323116400613
4.399745158917071
4.840921629505306
4.573658202395332
4.703426140512162
5.0
4.263381522553434
5.0
4.878006028482288
4.760856270028182
4.435290182613754
5.0
3.7633815225534346
4.596173730345642
4.736479852794622
5.0
4.875414258673762
3.4459345353604887
4.888117251940327
4.782862042033954
4.678814926358932
4.874104133276045
4.708790385047724
5.0
4.723274570681777
5.0
4.542602301774213
4.7184951589170705
4.323390479114115
4.03835902030321
4.803298458409456
4.504396321707769
4.3612836204555325
4.243270338773186
4.481520859851651
5.0
4.710555969727881
4.191879990377744
4.547447565919259
4.178814926358932
4.586701680656201
5.0
5.0
4.097547356719269
5.0
5.0
3.899745158917071
4.801705943230797
4.070476866234144
4.496236386987246
4.710555969727881
4.5910203267023055
4.7285739877459
4.583289462714539
3.8676463934849723
4.021304791944594
4.438206697378609
5.0
4.471173730345642
4.063924263394682
4.331888016059928
4.170487516995673
4.721401209872485
4.375759919064672
4.214351900490104
5.0
5.0
4.595057658917071
4.6433349025068145
4.899745158917071
4.138471949367999
4.595397332830114
4.868372609897463
4.63503927656413
5.0
4.341186600358512
4.483078492250405
4.879745158917071
4.027235198757708
5.0
4.37047115423323
4.784802630181439
5.0
4.539943670083324
4.599745158917071
5.0
4.621173730345642
4.7191896033615155
4.603448862620775
4.410682658917071
4.957716173409825
5.0
4.420212995174381
5.0
4.899745158917071
4.514499257277727
4.621638650041332
4.660044784385235
5.0
4.6056275118582475
5.0
4.699146356521862
4.080579780246282
4.998918712636079
4.161881081247168
4.54015611782118
4.725694526005679
4.099745158917071
4.766411825583738
5.0
3.961692061571938
5.0
4.688242375985716
5.0
4.985459444631356
5.0
4.0361087952807075
4.417571984044406
4.76816621154865
4.259542456214368
4.355029711762599
4.763381522553434
4.628717121533893
2.7997451589170708
4.545247804419716
4.58974515891707
5.0
5.0
4.267745158917071
5.0
4.535642594814506
4.735903351007466
4.462245158917071
5.0
4.429361883655747
4.3728130746079374
4.5204348140894846
4.804688124696538
5.0
5.0
4.228512282204742
4.389995855295901
5.0
4.409949240549723
4.8144510412700114
5.0
5.0
4.786001083087687
4.251676489389174
4.66897592814784
5.0
4.428154249826162
4.738454836336426
5.0
4.333629456437732
3.899745158917071
4.50974515891707
5.0
4.301919071960549
4.633078492250404
5.0
4.967414331849402
5.0
4.982389787016245
4.6270178861897975
4.840921629505306
4.099745158917071
4.672472431644344
5.0
4.566411825583737
4.566411825583737
4.530514389686301
4.203612562231988
4.947364206536118
4.832177591349503
4.132177591349503
4.147920341398823
4.070287794575986
4.678371113115544
5.0
3.9272680946968874
4.528063742987867
4.5529243496685154
4.955300714472626
4.394127181388981
4.42516888773063
4.66374515891707
5.0
4.5601225174076365
4.311509864799424
4.069317266682523
4.247113579969703
4.614030873202785
4.91897592814784
4.715629635451367
4.720893983982345
4.640485899657811
4.37149657134645
4.983078492250404
4.445199704371616
4.866411825583738
4.46897592814784
4.133979393151305
5.0
4.390973229092509
4.849745158917071
4.85719196742771
4.2491427492785165
4.9161386015400215
4.331745158917071
4.988786254807482
4.66897592814784
4.402049306382509
4.850964671112193
4.581133171535368
4.617302410825468
5.0
4.386231645403557
5.0
5.0
4.421112680284592
4.910161825583738
4.356336798788453
5.0
4.865989884655468
5.0
5.0
5.0
4.758235724954806
5.0
4.649745158917071
5.0
4.717926977098889
4.118495158917071
5.0
4.404092985004027
4.785676717852432
4.848897701289952
5.0
4.41974515891707
5.0
5.0
4.870333394211189
5.0
5.0
4.306338565510478
4.979347148966822
4.940561485447683
5.0
4.377164513755781
4.9130784922504045
5.0
4.396821182308884
5.0
4.480941740113652
4.103030579861629
4.759120158917071
4.8270178861897985
5.0
4.505378961733973
4.196898183828103
5.0
5.0
4.879336995651765
4.323987583159495
4.391932658917071
5.0
4.164805399880926
4.783616126659006
4.870333394211189
4.524745158917071
4.493495158917071
4.183695776201022
4.452936648278773
5.0
3.8391390983110103
5.0
5.0
5.0
4.2673922177406
4.842368109736743
4.5242734608038635
4.979455303844607
4.57072482619988
4.28863404780596
4.319099997626749
4.201903432298366
5.0
4.690789935036474
5.0
3.742988402160314
4.87846856317239
5.0
4.780697539869452
4.6270178861897975
4.4728445741217495
5.0
5.0
5.0
4.87912660221604
5.0
4.310192920111101
4.046411825583737
4.023554682726594
4.750605579567166
4.659745158917071
5.0
4.630179941525766
4.529374788546701
4.997784374603345
5.0
4.918853439171848
4.6583658485722435
3.899745158917071
4.682353854569245
4.656155415327327
5.0
3.9504779661324037
4.460720768673168
4.200263293632097
4.246279812382417
4.6270178861897975
4.47911023828215
4.853233531010094
5.0
5.0
4.6775229366948485
4.70819161442235
4.2924724316443434
4.4179269770988885
4.036868904736469
4.6197451589170715
4.8319485487475795
4.144189603361515
4.614588908917071
4.670681119508204
4.5944820010223335
4.217392217740601
4.705867607896662
4.013309827686787
3.894397565334183
4.805405536275561
4.4997451589170705
4.737980453034718
4.863644075884579
4.755064307853241
4.4346288798473035
4.624203363251436
4.2188940950872835
5.0
4.70860296777488
4.899745158917071
5.0
4.891218971340944
4.185459444631356
4.849745158917071
4.791637050808963
5.0
4.963470649113149
5.0
4.494983254155166
4.424745158917071
4.496967381139293
4.437303844363081
4.6574374666093785
4.699745158917071
4.7754208345927465
5.0
4.943223419786636
4.55908581825773
4.858078492250405
4.504320322315763
4.795971574011411
3.7046232076975585
5.0
3.939745158917071
4.657639895759177
4.942755911605243
5.0
4.584930344102256
4.199745158917071
4.398641406157688
4.748292876759395
4.646580601955046
4.376293001318572
5.0
5.0
5.0
4.84160562403335
4.104663191703956
4.7568880160599285
4.1923718870276705
4.380757817144919
5.0
4.454658453714758
4.940067739562232
4.140921629505306
4.652991912163824
4.456997067314017
4.508440811090984
5.0
4.751597010768922
5.0
4.816411825583737
5.0
4.894794663867566
4.607610327456397
4.873078492250404
4.586492146868878
4.671173730345642
4.049745158917071
4.954791030476704
4.254836542729081
4.640485899657811
5.0
4.936888016059928
4.921484289351853
5.0
4.309581224490842
5.0
5.0
4.5361087952807075
4.810856270028182
4.797975247412646
10043:
4.298707310783699
4.206482109711313
4.060505063592688
3.643223439815957
4.05684684566742
4.010143724324412
3.709798545130747
4.21568844285917
4.205090289507103
4.435778248998801
3.7787073107836986
4.260612072688461
4.20981842189481
4.619586431662819
4.525589031213807
3.347804016416005
3.9865470818852726
4.233082310783699
4.046611502400465
4.337613085859687
4.303176584526716
4.039523637314311
4.1900116586097855
4.269349512618561
3.7764850885614765
3.654957310783699
3.779957310783699
4.498707310783699
4.863572175648564
4.7220082816574855
4.459103350387659
3.673310485386873
3.987471355727519
10045:
3.577115931270949
RMSE: 0.8449798101396017
